<?xml version="1.0" encoding="UTF-8"?>
<testng-results skipped="0" failed="2" ignored="0" total="3" passed="1">
  <reporter-output>
  </reporter-output>
  <suite name="Default suite" duration-ms="1833" started-at="2018-11-27T01:31:16Z" finished-at="2018-11-27T01:31:17Z">
    <groups>
    </groups>
    <test name="Default test" duration-ms="1833" started-at="2018-11-27T01:31:16Z" finished-at="2018-11-27T01:31:17Z">
      <class name="com.qa.hop.test.DummyTest">
        <test-method status="FAIL" signature="test(java.util.Hashtable)[pri:0, instance:com.qa.hop.test.DummyTest@42dafa95]" name="test" duration-ms="25" started-at="2018-11-27T01:31:17Z" data-provider="dummy" finished-at="2018-11-27T01:31:17Z">
          <params>
            <param index="0">
              <value>
                <![CDATA[{RunMode=N, TC_Number=1.0, col2=a}]]>
              </value>
            </param>
          </params>
          <exception class="com.qa.hop.util.RunnablityCheck">
            <message>
              <![CDATA[Skipping the test case : 1.0 as the run mode is "No"]]>
            </message>
            <full-stacktrace>
              <![CDATA[com.qa.hop.util.RunnablityCheck: Skipping the test case : 1.0 as the run mode is "No"
at com.qa.hop.util.RunnablityCheck.isTestRunnable(RunnablityCheck.java:23)
]]>
            </full-stacktrace>
          </exception> <!-- com.qa.hop.util.RunnablityCheck -->
          <reporter-output>
          </reporter-output>
        </test-method> <!-- test -->
        <test-method status="PASS" signature="test(java.util.Hashtable)[pri:0, instance:com.qa.hop.test.DummyTest@42dafa95]" name="test" duration-ms="34" started-at="2018-11-27T01:31:17Z" data-provider="dummy" finished-at="2018-11-27T01:31:17Z">
          <params>
            <param index="0">
              <value>
                <![CDATA[{RunMode=Y, TC_Number=2.0, col2=b}]]>
              </value>
            </param>
          </params>
          <reporter-output>
          </reporter-output>
        </test-method> <!-- test -->
        <test-method status="FAIL" signature="test(java.util.Hashtable)[pri:0, instance:com.qa.hop.test.DummyTest@42dafa95]" name="test" duration-ms="3" started-at="2018-11-27T01:31:17Z" data-provider="dummy" finished-at="2018-11-27T01:31:17Z">
          <params>
            <param index="0">
              <value>
                <![CDATA[{RunMode=N, TC_Number=3.0, col2=c}]]>
              </value>
            </param>
          </params>
          <exception class="com.qa.hop.util.RunnablityCheck">
            <message>
              <![CDATA[Skipping the test case : 3.0 as the run mode is "No"]]>
            </message>
            <full-stacktrace>
              <![CDATA[com.qa.hop.util.RunnablityCheck: Skipping the test case : 3.0 as the run mode is "No"
at com.qa.hop.util.RunnablityCheck.isTestRunnable(RunnablityCheck.java:23)
]]>
            </full-stacktrace>
          </exception> <!-- com.qa.hop.util.RunnablityCheck -->
          <reporter-output>
          </reporter-output>
        </test-method> <!-- test -->
      </class> <!-- com.qa.hop.test.DummyTest -->
    </test> <!-- Default test -->
  </suite> <!-- Default suite -->
</testng-results>
